<?xml version="1.0" encoding="UTF-8"?>
<!-- Generated by org.testng.reporters.JUnitReportReporter -->
<testsuite hostname="DESKTOP-SNK925A" failures="0" tests="1" name="RunAddShoppingCartTest" time="7.121" errors="1" timestamp="2024-01-21T14:21:35 CET" skipped="0">
  <testcase classname="RunAddShoppingCartTest" name="runScenario" time="7.121">
    <error message="Cannot invoke &quot;org.openqa.selenium.WebDriver.findElement(org.openqa.selenium.By)&quot; because &quot;this.driver&quot; is null" type="java.lang.NullPointerException">
      <![CDATA[java.lang.NullPointerException: Cannot invoke "org.openqa.selenium.WebDriver.findElement(org.openqa.selenium.By)" because "this.driver" is null
at steps.AddShoppingCartSteps.theUserClicksTelevisionButton(AddShoppingCartSteps.java:24)
at âœ½.the user clicks the television button(file:///C:/Users/Pol/Desktop/CucumberTest/src/test/java/features/addshoppingcart.feature:6)
]]>
    </error>
  </testcase> <!-- runScenario -->
</testsuite> <!-- RunAddShoppingCartTest -->
